# JRE version: OpenJDK Runtime Environment (11.0.12+7) (build 11.0.12+7-b1504.28-7817840)
# Java VM: OpenJDK 64-Bit Server VM (11.0.12+7-b1504.28-7817840, mixed mode, tiered, compressed oops, g1 gc, windows-amd64)
Heap:
 garbage-first heap   total 518144K, used 202240K [0x0000000080000000, 0x0000000100000000)
  region size 1024K, 4 young (4096K), 4 survivors (4096K)
 Metaspace       used 135914K, capacity 139659K, committed 139904K, reserved 1171456K
  class space    used 16849K, capacity 18264K, committed 18304K, reserved 1048576K
GC Heap History (20 events):
Event: 45.936 GC heap after
{Heap after GC invocations=90 (full 0):
 garbage-first heap   total 283648K, used 216587K [0x0000000080000000, 0x0000000100000000)
  region size 1024K, 2 young (2048K), 2 survivors (2048K)
 Metaspace       used 123814K, capacity 126977K, committed 127232K, reserved 1161216K
  class space    used 15193K, capacity 16363K, committed 16384K, reserved 1048576K
}
Event: 46.120 GC heap before
{Heap before GC invocations=90 (full 0):
 garbage-first heap   total 283648K, used 247307K [0x0000000080000000, 0x0000000100000000)
  region size 1024K, 32 young (32768K), 2 survivors (2048K)
 Metaspace       used 123844K, capacity 127050K, committed 127232K, reserved 1161216K
  class space    used 15194K, capacity 16365K, committed 16384K, reserved 1048576K
}
Event: 46.123 GC heap after
{Heap after GC invocations=91 (full 0):
 garbage-first heap   total 283648K, used 216336K [0x0000000080000000, 0x0000000100000000)
  region size 1024K, 2 young (2048K), 2 survivors (2048K)
 Metaspace       used 123844K, capacity 127050K, committed 127232K, reserved 1161216K
  class space    used 15194K, capacity 16365K, committed 16384K, reserved 1048576K
}
Event: 46.263 GC heap before
{Heap before GC invocations=91 (full 0):
 garbage-first heap   total 283648K, used 223504K [0x0000000080000000, 0x0000000100000000)
  region size 1024K, 32 young (32768K), 2 survivors (2048K)
 Metaspace       used 123863K, capacity 127056K, committed 127232K, reserved 1161216K
  class space    used 15195K, capacity 16366K, committed 16384K, reserved 1048576K
}
Event: 46.268 GC heap after
{Heap after GC invocations=92 (full 0):
 garbage-first heap   total 283648K, used 192848K [0x0000000080000000, 0x0000000100000000)
  region size 1024K, 2 young (2048K), 2 survivors (2048K)
 Metaspace       used 123863K, capacity 127056K, committed 127232K, reserved 1161216K
  class space    used 15195K, capacity 16366K, committed 16384K, reserved 1048576K
}
Event: 46.394 GC heap before
{Heap before GC invocations=93 (full 0):
 garbage-first heap   total 283648K, used 234832K [0x0000000080000000, 0x0000000100000000)
  region size 1024K, 43 young (44032K), 2 survivors (2048K)
 Metaspace       used 123867K, capacity 127056K, committed 127232K, reserved 1161216K
  class space    used 15195K, capacity 16366K, committed 16384K, reserved 1048576K
}
Event: 46.398 GC heap after
{Heap after GC invocations=94 (full 0):
 garbage-first heap   total 283648K, used 193022K [0x0000000080000000, 0x0000000100000000)
  region size 1024K, 2 young (2048K), 2 survivors (2048K)
 Metaspace       used 123867K, capacity 127056K, committed 127232K, reserved 1161216K
  class space    used 15195K, capacity 16366K, committed 16384K, reserved 1048576K
}
Event: 46.567 GC heap before
{Heap before GC invocations=94 (full 0):
 garbage-first heap   total 283648K, used 205310K [0x0000000080000000, 0x0000000100000000)
  region size 1024K, 13 young (13312K), 2 survivors (2048K)
 Metaspace       used 123939K, capacity 127121K, committed 127232K, reserved 1161216K
  class space    used 15205K, capacity 16382K, committed 16384K, reserved 1048576K
}
Event: 46.572 GC heap after
{Heap after GC invocations=95 (full 0):
 garbage-first heap   total 283648K, used 163994K [0x0000000080000000, 0x0000000100000000)
  region size 1024K, 1 young (1024K), 1 survivors (1024K)
 Metaspace       used 123939K, capacity 127121K, committed 127232K, reserved 1161216K
  class space    used 15205K, capacity 16382K, committed 16384K, reserved 1048576K
}
Event: 46.921 GC heap before
{Heap before GC invocations=95 (full 0):
 garbage-first heap   total 283648K, used 175258K [0x0000000080000000, 0x0000000100000000)
  region size 1024K, 13 young (13312K), 1 survivors (1024K)
 Metaspace       used 124012K, capacity 127196K, committed 127232K, reserved 1161216K
  class space    used 15205K, capacity 16382K, committed 16384K, reserved 1048576K
}
Event: 46.932 GC heap after
{Heap after GC invocations=96 (full 0):
 garbage-first heap   total 283648K, used 148922K [0x0000000080000000, 0x0000000100000000)
  region size 1024K, 1 young (1024K), 1 survivors (1024K)
 Metaspace       used 124012K, capacity 127196K, committed 127232K, reserved 1161216K
  class space    used 15205K, capacity 16382K, committed 16384K, reserved 1048576K
}
Event: 48.100 GC heap before
{Heap before GC invocations=96 (full 0):
 garbage-first heap   total 283648K, used 207289K [0x0000000080000000, 0x0000000100000000)
  region size 1024K, 59 young (60416K), 1 survivors (1024K)
 Metaspace       used 124838K, capacity 128151K, committed 128384K, reserved 1161216K
  class space    used 15317K, capacity 16504K, committed 16512K, reserved 1048576K
}
Event: 48.111 GC heap after
{Heap after GC invocations=97 (full 0):
 garbage-first heap   total 367616K, used 157032K [0x0000000080000000, 0x0000000100000000)
  region size 1024K, 8 young (8192K), 8 survivors (8192K)
 Metaspace       used 124838K, capacity 128151K, committed 128384K, reserved 1161216K
  class space    used 15317K, capacity 16504K, committed 16512K, reserved 1048576K
}
Event: 49.041 GC heap before
{Heap before GC invocations=97 (full 0):
 garbage-first heap   total 367616K, used 244072K [0x0000000080000000, 0x0000000100000000)
  region size 1024K, 94 young (96256K), 8 survivors (8192K)
 Metaspace       used 129267K, capacity 132683K, committed 132992K, reserved 1165312K
  class space    used 15904K, capacity 17166K, committed 17280K, reserved 1048576K
}
Event: 49.065 GC heap after
{Heap after GC invocations=98 (full 0):
 garbage-first heap   total 367616K, used 171272K [0x0000000080000000, 0x0000000100000000)
  region size 1024K, 12 young (12288K), 12 survivors (12288K)
 Metaspace       used 129267K, capacity 132683K, committed 132992K, reserved 1165312K
  class space    used 15904K, capacity 17166K, committed 17280K, reserved 1048576K
}
Event: 49.508 GC heap before
{Heap before GC invocations=98 (full 0):
 garbage-first heap   total 367616K, used 256264K [0x0000000080000000, 0x0000000100000000)
  region size 1024K, 96 young (98304K), 12 survivors (12288K)
 Metaspace       used 130993K, capacity 134508K, committed 134784K, reserved 1167360K
  class space    used 16150K, capacity 17475K, committed 17536K, reserved 1048576K
}
Event: 49.544 GC heap after
{Heap after GC invocations=99 (full 0):
 garbage-first heap   total 367616K, used 183625K [0x0000000080000000, 0x0000000100000000)
  region size 1024K, 12 young (12288K), 12 survivors (12288K)
 Metaspace       used 130993K, capacity 134508K, committed 134784K, reserved 1167360K
  class space    used 16150K, capacity 17475K, committed 17536K, reserved 1048576K
}
Event: 50.027 GC heap before
{Heap before GC invocations=99 (full 0):
 garbage-first heap   total 367616K, used 266569K [0x0000000080000000, 0x0000000100000000)
  region size 1024K, 94 young (96256K), 12 survivors (12288K)
 Metaspace       used 132922K, capacity 136605K, committed 136704K, reserved 1167360K
  class space    used 16475K, capacity 17860K, committed 17920K, reserved 1048576K
}
Event: 50.062 GC heap after
{Heap after GC invocations=100 (full 0):
 garbage-first heap   total 367616K, used 197632K [0x0000000080000000, 0x0000000100000000)
  region size 1024K, 12 young (12288K), 12 survivors (12288K)
 Metaspace       used 132922K, capacity 136605K, committed 136704K, reserved 1167360K
  class space    used 16475K, capacity 17860K, committed 17920K, reserved 1048576K
}
Event: 51.302 GC heap before
{Heap before GC invocations=100 (full 0):
 garbage-first heap   total 367616K, used 277504K [0x0000000080000000, 0x0000000100000000)
  region size 1024K, 90 young (92160K), 12 survivors (12288K)
 Metaspace       used 135914K, capacity 139659K, committed 139904K, reserved 1171456K
  class space    used 16849K, capacity 18264K, committed 18304K, reserved 1048576K
}

