# JRE version: OpenJDK Runtime Environment (11.0.12+7) (build 11.0.12+7-b1504.28-7817840)
# Java VM: OpenJDK 64-Bit Server VM (11.0.12+7-b1504.28-7817840, mixed mode, tiered, compressed oops, g1 gc, windows-amd64)
Heap:
 garbage-first heap   total 129024K, used 30034K [0x0000000080000000, 0x0000000100000000)
  region size 1024K, 9 young (9216K), 6 survivors (6144K)
 Metaspace       used 42406K, capacity 43434K, committed 43724K, reserved 1099776K
  class space    used 5385K, capacity 5743K, committed 5836K, reserved 1048576K
GC Heap History (16 events):
Event: 0.799 GC heap before
{Heap before GC invocations=0 (full 0):
 garbage-first heap   total 129024K, used 19456K [0x0000000080000000, 0x0000000100000000)
  region size 1024K, 14 young (14336K), 0 survivors (0K)
 Metaspace       used 6752K, capacity 6925K, committed 7168K, reserved 1056768K
  class space    used 582K, capacity 650K, committed 768K, reserved 1048576K
}
Event: 0.804 GC heap after
{Heap after GC invocations=1 (full 0):
 garbage-first heap   total 129024K, used 7880K [0x0000000080000000, 0x0000000100000000)
  region size 1024K, 2 young (2048K), 2 survivors (2048K)
 Metaspace       used 6752K, capacity 6925K, committed 7168K, reserved 1056768K
  class space    used 582K, capacity 650K, committed 768K, reserved 1048576K
}
Event: 1.284 GC heap before
{Heap before GC invocations=1 (full 0):
 garbage-first heap   total 129024K, used 19144K [0x0000000080000000, 0x0000000100000000)
  region size 1024K, 13 young (13312K), 2 survivors (2048K)
 Metaspace       used 9854K, capacity 10054K, committed 10112K, reserved 1058816K
  class space    used 1021K, capacity 1102K, committed 1152K, reserved 1048576K
}
Event: 1.287 GC heap after
{Heap after GC invocations=2 (full 0):
 garbage-first heap   total 129024K, used 9108K [0x0000000080000000, 0x0000000100000000)
  region size 1024K, 2 young (2048K), 2 survivors (2048K)
 Metaspace       used 9854K, capacity 10054K, committed 10112K, reserved 1058816K
  class space    used 1021K, capacity 1102K, committed 1152K, reserved 1048576K
}
Event: 2.080 GC heap before
{Heap before GC invocations=2 (full 0):
 garbage-first heap   total 129024K, used 38804K [0x0000000080000000, 0x0000000100000000)
  region size 1024K, 31 young (31744K), 2 survivors (2048K)
 Metaspace       used 10777K, capacity 11007K, committed 11264K, reserved 1058816K
  class space    used 1124K, capacity 1206K, committed 1280K, reserved 1048576K
}
Event: 2.083 GC heap after
{Heap after GC invocations=3 (full 0):
 garbage-first heap   total 129024K, used 10992K [0x0000000080000000, 0x0000000100000000)
  region size 1024K, 3 young (3072K), 3 survivors (3072K)
 Metaspace       used 10777K, capacity 11007K, committed 11264K, reserved 1058816K
  class space    used 1124K, capacity 1206K, committed 1280K, reserved 1048576K
}
Event: 4.565 GC heap before
{Heap before GC invocations=3 (full 0):
 garbage-first heap   total 129024K, used 74480K [0x0000000080000000, 0x0000000100000000)
  region size 1024K, 66 young (67584K), 3 survivors (3072K)
 Metaspace       used 20643K, capacity 21122K, committed 21248K, reserved 1067008K
  class space    used 2520K, capacity 2720K, committed 2816K, reserved 1048576K
}
Event: 4.574 GC heap after
{Heap after GC invocations=4 (full 0):
 garbage-first heap   total 129024K, used 16348K [0x0000000080000000, 0x0000000100000000)
  region size 1024K, 9 young (9216K), 9 survivors (9216K)
 Metaspace       used 20643K, capacity 21122K, committed 21248K, reserved 1067008K
  class space    used 2520K, capacity 2720K, committed 2816K, reserved 1048576K
}
Event: 6.046 GC heap before
{Heap before GC invocations=5 (full 0):
 garbage-first heap   total 129024K, used 80860K [0x0000000080000000, 0x0000000100000000)
  region size 1024K, 72 young (73728K), 9 survivors (9216K)
 Metaspace       used 26787K, capacity 27513K, committed 27648K, reserved 1073152K
  class space    used 3535K, capacity 3793K, committed 3840K, reserved 1048576K
}
Event: 6.062 GC heap after
{Heap after GC invocations=6 (full 0):
 garbage-first heap   total 129024K, used 18839K [0x0000000080000000, 0x0000000100000000)
  region size 1024K, 3 young (3072K), 3 survivors (3072K)
 Metaspace       used 26787K, capacity 27513K, committed 27648K, reserved 1073152K
  class space    used 3535K, capacity 3793K, committed 3840K, reserved 1048576K
}
Event: 8.572 GC heap before
{Heap before GC invocations=6 (full 0):
 garbage-first heap   total 129024K, used 60823K [0x0000000080000000, 0x0000000100000000)
  region size 1024K, 46 young (47104K), 3 survivors (3072K)
 Metaspace       used 35075K, capacity 35834K, committed 35840K, reserved 1081344K
  class space    used 4543K, capacity 4864K, committed 4864K, reserved 1048576K
}
Event: 8.583 GC heap after
{Heap after GC invocations=7 (full 0):
 garbage-first heap   total 129024K, used 21745K [0x0000000080000000, 0x0000000100000000)
  region size 1024K, 6 young (6144K), 6 survivors (6144K)
 Metaspace       used 35075K, capacity 35834K, committed 35840K, reserved 1081344K
  class space    used 4543K, capacity 4864K, committed 4864K, reserved 1048576K
}
Event: 10.126 GC heap before
{Heap before GC invocations=8 (full 0):
 garbage-first heap   total 129024K, used 90353K [0x0000000080000000, 0x0000000100000000)
  region size 1024K, 71 young (72704K), 6 survivors (6144K)
 Metaspace       used 39878K, capacity 40825K, committed 41164K, reserved 1085440K
  class space    used 5114K, capacity 5456K, committed 5580K, reserved 1048576K
}
Event: 10.140 GC heap after
{Heap after GC invocations=9 (full 0):
 garbage-first heap   total 129024K, used 26959K [0x0000000080000000, 0x0000000100000000)
  region size 1024K, 9 young (9216K), 9 survivors (9216K)
 Metaspace       used 39878K, capacity 40825K, committed 41164K, reserved 1085440K
  class space    used 5114K, capacity 5456K, committed 5580K, reserved 1048576K
}
Event: 10.659 GC heap before
{Heap before GC invocations=9 (full 0):
 garbage-first heap   total 129024K, used 46415K [0x0000000080000000, 0x0000000100000000)
  region size 1024K, 28 young (28672K), 9 survivors (9216K)
 Metaspace       used 42176K, capacity 43093K, committed 43212K, reserved 1093632K
  class space    used 5366K, capacity 5737K, committed 5836K, reserved 1048576K
}
Event: 10.673 GC heap after
{Heap after GC invocations=10 (full 0):
 garbage-first heap   total 129024K, used 27986K [0x0000000080000000, 0x0000000100000000)
  region size 1024K, 6 young (6144K), 6 survivors (6144K)
 Metaspace       used 42176K, capacity 43093K, committed 43212K, reserved 1093632K
  class space    used 5366K, capacity 5737K, committed 5836K, reserved 1048576K
}

