# JRE version: OpenJDK Runtime Environment (11.0.12+7) (build 11.0.12+7-b1504.28-7817840)
# Java VM: OpenJDK 64-Bit Server VM (11.0.12+7-b1504.28-7817840, mixed mode, tiered, compressed oops, g1 gc, windows-amd64)
Heap:
 garbage-first heap   total 476160K, used 302464K [0x0000000080000000, 0x0000000100000000)
  region size 1024K, 137 young (140288K), 34 survivors (34816K)
 Metaspace       used 109499K, capacity 112382K, committed 112588K, reserved 1146880K
  class space    used 13952K, capacity 15038K, committed 15052K, reserved 1048576K
GC Heap History (20 events):
Event: 44.491 GC heap before
{Heap before GC invocations=63 (full 0):
 garbage-first heap   total 458752K, used 384834K [0x0000000080000000, 0x0000000100000000)
  region size 1024K, 260 young (266240K), 26 survivors (26624K)
 Metaspace       used 102176K, capacity 104902K, committed 105036K, reserved 1140736K
  class space    used 13097K, capacity 14119K, committed 14156K, reserved 1048576K
}
Event: 44.524 GC heap after
{Heap after GC invocations=64 (full 0):
 garbage-first heap   total 458752K, used 143139K [0x0000000080000000, 0x0000000100000000)
  region size 1024K, 16 young (16384K), 16 survivors (16384K)
 Metaspace       used 102176K, capacity 104902K, committed 105036K, reserved 1140736K
  class space    used 13097K, capacity 14119K, committed 14156K, reserved 1048576K
}
Event: 45.384 GC heap before
{Heap before GC invocations=64 (full 0):
 garbage-first heap   total 458752K, used 389923K [0x0000000080000000, 0x0000000100000000)
  region size 1024K, 257 young (263168K), 16 survivors (16384K)
 Metaspace       used 102188K, capacity 104902K, committed 105036K, reserved 1140736K
  class space    used 13097K, capacity 14119K, committed 14156K, reserved 1048576K
}
Event: 45.402 GC heap after
{Heap after GC invocations=65 (full 0):
 garbage-first heap   total 458752K, used 144163K [0x0000000080000000, 0x0000000100000000)
  region size 1024K, 17 young (17408K), 17 survivors (17408K)
 Metaspace       used 102188K, capacity 104902K, committed 105036K, reserved 1140736K
  class space    used 13097K, capacity 14119K, committed 14156K, reserved 1048576K
}
Event: 46.432 GC heap before
{Heap before GC invocations=65 (full 0):
 garbage-first heap   total 458752K, used 392995K [0x0000000080000000, 0x0000000100000000)
  region size 1024K, 259 young (265216K), 17 survivors (17408K)
 Metaspace       used 102195K, capacity 104903K, committed 105036K, reserved 1140736K
  class space    used 13097K, capacity 14119K, committed 14156K, reserved 1048576K
}
Event: 46.451 GC heap after
{Heap after GC invocations=66 (full 0):
 garbage-first heap   total 458752K, used 140579K [0x0000000080000000, 0x0000000100000000)
  region size 1024K, 13 young (13312K), 13 survivors (13312K)
 Metaspace       used 102195K, capacity 104903K, committed 105036K, reserved 1140736K
  class space    used 13097K, capacity 14119K, committed 14156K, reserved 1048576K
}
Event: 48.241 GC heap before
{Heap before GC invocations=66 (full 0):
 garbage-first heap   total 458752K, used 393507K [0x0000000080000000, 0x0000000100000000)
  region size 1024K, 260 young (266240K), 13 survivors (13312K)
 Metaspace       used 102197K, capacity 104903K, committed 105036K, reserved 1140736K
  class space    used 13097K, capacity 14119K, committed 14156K, reserved 1048576K
}
Event: 48.253 GC heap after
{Heap after GC invocations=67 (full 0):
 garbage-first heap   total 458752K, used 140067K [0x0000000080000000, 0x0000000100000000)
  region size 1024K, 13 young (13312K), 13 survivors (13312K)
 Metaspace       used 102197K, capacity 104903K, committed 105036K, reserved 1140736K
  class space    used 13097K, capacity 14119K, committed 14156K, reserved 1048576K
}
Event: 49.970 GC heap before
{Heap before GC invocations=67 (full 0):
 garbage-first heap   total 458752K, used 398115K [0x0000000080000000, 0x0000000100000000)
  region size 1024K, 263 young (269312K), 13 survivors (13312K)
 Metaspace       used 102237K, capacity 104907K, committed 105036K, reserved 1140736K
  class space    used 13097K, capacity 14119K, committed 14156K, reserved 1048576K
}
Event: 49.975 GC heap after
{Heap after GC invocations=68 (full 0):
 garbage-first heap   total 458752K, used 129827K [0x0000000080000000, 0x0000000100000000)
  region size 1024K, 3 young (3072K), 3 survivors (3072K)
 Metaspace       used 102237K, capacity 104907K, committed 105036K, reserved 1140736K
  class space    used 13097K, capacity 14119K, committed 14156K, reserved 1048576K
}
Event: 51.255 GC heap before
{Heap before GC invocations=68 (full 0):
 garbage-first heap   total 458752K, used 394019K [0x0000000080000000, 0x0000000100000000)
  region size 1024K, 262 young (268288K), 3 survivors (3072K)
 Metaspace       used 102283K, capacity 105043K, committed 105292K, reserved 1140736K
  class space    used 13098K, capacity 14120K, committed 14156K, reserved 1048576K
}
Event: 51.261 GC heap after
{Heap after GC invocations=69 (full 0):
 garbage-first heap   total 458752K, used 130179K [0x0000000080000000, 0x0000000100000000)
  region size 1024K, 3 young (3072K), 3 survivors (3072K)
 Metaspace       used 102283K, capacity 105043K, committed 105292K, reserved 1140736K
  class space    used 13098K, capacity 14120K, committed 14156K, reserved 1048576K
}
Event: 52.774 GC heap before
{Heap before GC invocations=69 (full 0):
 garbage-first heap   total 458752K, used 398467K [0x0000000080000000, 0x0000000100000000)
  region size 1024K, 265 young (271360K), 3 survivors (3072K)
 Metaspace       used 102310K, capacity 105059K, committed 105292K, reserved 1140736K
  class space    used 13100K, capacity 14124K, committed 14156K, reserved 1048576K
}
Event: 52.787 GC heap after
{Heap after GC invocations=70 (full 0):
 garbage-first heap   total 458752K, used 135322K [0x0000000080000000, 0x0000000100000000)
  region size 1024K, 8 young (8192K), 8 survivors (8192K)
 Metaspace       used 102310K, capacity 105059K, committed 105292K, reserved 1140736K
  class space    used 13100K, capacity 14124K, committed 14156K, reserved 1048576K
}
Event: 54.413 GC heap before
{Heap before GC invocations=70 (full 0):
 garbage-first heap   total 458752K, used 396442K [0x0000000080000000, 0x0000000100000000)
  region size 1024K, 263 young (269312K), 8 survivors (8192K)
 Metaspace       used 102314K, capacity 105059K, committed 105292K, reserved 1140736K
  class space    used 13100K, capacity 14124K, committed 14156K, reserved 1048576K
}
Event: 54.423 GC heap after
{Heap after GC invocations=71 (full 0):
 garbage-first heap   total 458752K, used 134750K [0x0000000080000000, 0x0000000100000000)
  region size 1024K, 8 young (8192K), 8 survivors (8192K)
 Metaspace       used 102314K, capacity 105059K, committed 105292K, reserved 1140736K
  class space    used 13100K, capacity 14124K, committed 14156K, reserved 1048576K
}
Event: 56.226 GC heap before
{Heap before GC invocations=71 (full 0):
 garbage-first heap   total 458752K, used 396894K [0x0000000080000000, 0x0000000100000000)
  region size 1024K, 264 young (270336K), 8 survivors (8192K)
 Metaspace       used 102326K, capacity 105060K, committed 105292K, reserved 1140736K
  class space    used 13101K, capacity 14124K, committed 14156K, reserved 1048576K
}
Event: 56.238 GC heap after
{Heap after GC invocations=72 (full 0):
 garbage-first heap   total 458752K, used 135459K [0x0000000080000000, 0x0000000100000000)
  region size 1024K, 8 young (8192K), 8 survivors (8192K)
 Metaspace       used 102326K, capacity 105060K, committed 105292K, reserved 1140736K
  class space    used 13101K, capacity 14124K, committed 14156K, reserved 1048576K
}
Event: 59.878 GC heap before
{Heap before GC invocations=72 (full 0):
 garbage-first heap   total 458752K, used 421155K [0x0000000080000000, 0x0000000100000000)
  region size 1024K, 266 young (272384K), 8 survivors (8192K)
 Metaspace       used 103674K, capacity 106386K, committed 106444K, reserved 1140736K
  class space    used 13237K, capacity 14267K, committed 14284K, reserved 1048576K
}
Event: 59.957 GC heap after
{Heap after GC invocations=73 (full 0):
 garbage-first heap   total 476160K, used 191872K [0x0000000080000000, 0x0000000100000000)
  region size 1024K, 34 young (34816K), 34 survivors (34816K)
 Metaspace       used 103674K, capacity 106386K, committed 106444K, reserved 1140736K
  class space    used 13237K, capacity 14267K, committed 14284K, reserved 1048576K
}

