# JRE version: OpenJDK Runtime Environment (11.0.12+7) (build 11.0.12+7-b1504.28-7817840)
# Java VM: OpenJDK 64-Bit Server VM (11.0.12+7-b1504.28-7817840, mixed mode, tiered, compressed oops, g1 gc, windows-amd64)
Heap:
 garbage-first heap   total 557056K, used 269362K [0x0000000080000000, 0x0000000100000000)
  region size 1024K, 50 young (51200K), 6 survivors (6144K)
 Metaspace       used 105100K, capacity 107965K, committed 108288K, reserved 1142784K
  class space    used 13457K, capacity 14520K, committed 14592K, reserved 1048576K
GC Heap History (20 events):
Event: 39.842 GC heap before
{Heap before GC invocations=71 (full 0):
 garbage-first heap   total 324608K, used 281984K [0x0000000080000000, 0x0000000100000000)
  region size 1024K, 135 young (138240K), 7 survivors (7168K)
 Metaspace       used 104714K, capacity 107591K, committed 107776K, reserved 1142784K
  class space    used 13436K, capacity 14495K, committed 14592K, reserved 1048576K
}
Event: 39.863 GC heap after
{Heap after GC invocations=72 (full 0):
 garbage-first heap   total 324608K, used 152710K [0x0000000080000000, 0x0000000100000000)
  region size 1024K, 7 young (7168K), 7 survivors (7168K)
 Metaspace       used 104714K, capacity 107591K, committed 107776K, reserved 1142784K
  class space    used 13436K, capacity 14495K, committed 14592K, reserved 1048576K
}
Event: 40.624 GC heap before
{Heap before GC invocations=72 (full 0):
 garbage-first heap   total 324608K, used 283782K [0x0000000080000000, 0x0000000100000000)
  region size 1024K, 135 young (138240K), 7 survivors (7168K)
 Metaspace       used 104779K, capacity 107704K, committed 108032K, reserved 1142784K
  class space    used 13443K, capacity 14509K, committed 14592K, reserved 1048576K
}
Event: 40.642 GC heap after
{Heap after GC invocations=73 (full 0):
 garbage-first heap   total 324608K, used 156765K [0x0000000080000000, 0x0000000100000000)
  region size 1024K, 11 young (11264K), 11 survivors (11264K)
 Metaspace       used 104779K, capacity 107704K, committed 108032K, reserved 1142784K
  class space    used 13443K, capacity 14509K, committed 14592K, reserved 1048576K
}
Event: 41.416 GC heap before
{Heap before GC invocations=73 (full 0):
 garbage-first heap   total 324608K, used 282717K [0x0000000080000000, 0x0000000100000000)
  region size 1024K, 131 young (134144K), 11 survivors (11264K)
 Metaspace       used 104899K, capacity 107792K, committed 108032K, reserved 1142784K
  class space    used 13444K, capacity 14510K, committed 14592K, reserved 1048576K
}
Event: 41.435 GC heap after
{Heap after GC invocations=74 (full 0):
 garbage-first heap   total 390144K, used 154013K [0x0000000080000000, 0x0000000100000000)
  region size 1024K, 6 young (6144K), 6 survivors (6144K)
 Metaspace       used 104899K, capacity 107792K, committed 108032K, reserved 1142784K
  class space    used 13444K, capacity 14510K, committed 14592K, reserved 1048576K
}
Event: 42.677 GC heap before
{Heap before GC invocations=74 (full 0):
 garbage-first heap   total 390144K, used 317853K [0x0000000080000000, 0x0000000100000000)
  region size 1024K, 167 young (171008K), 6 survivors (6144K)
 Metaspace       used 104998K, capacity 107816K, committed 108032K, reserved 1142784K
  class space    used 13450K, capacity 14515K, committed 14592K, reserved 1048576K
}
Event: 42.693 GC heap after
{Heap after GC invocations=75 (full 0):
 garbage-first heap   total 390144K, used 155960K [0x0000000080000000, 0x0000000100000000)
  region size 1024K, 10 young (10240K), 10 survivors (10240K)
 Metaspace       used 104998K, capacity 107816K, committed 108032K, reserved 1142784K
  class space    used 13450K, capacity 14515K, committed 14592K, reserved 1048576K
}
Event: 43.278 GC heap before
{Heap before GC invocations=75 (full 0):
 garbage-first heap   total 390144K, used 337208K [0x0000000080000000, 0x0000000100000000)
  region size 1024K, 185 young (189440K), 10 survivors (10240K)
 Metaspace       used 105020K, capacity 107822K, committed 108032K, reserved 1142784K
  class space    used 13451K, capacity 14516K, committed 14592K, reserved 1048576K
}
Event: 43.330 GC heap after
{Heap after GC invocations=76 (full 0):
 garbage-first heap   total 390144K, used 186413K [0x0000000080000000, 0x0000000100000000)
  region size 1024K, 24 young (24576K), 24 survivors (24576K)
 Metaspace       used 105020K, capacity 107822K, committed 108032K, reserved 1142784K
  class space    used 13451K, capacity 14516K, committed 14592K, reserved 1048576K
}
Event: 43.737 GC heap before
{Heap before GC invocations=76 (full 0):
 garbage-first heap   total 390144K, used 316461K [0x0000000080000000, 0x0000000100000000)
  region size 1024K, 151 young (154624K), 24 survivors (24576K)
 Metaspace       used 105047K, capacity 107825K, committed 108032K, reserved 1142784K
  class space    used 13453K, capacity 14516K, committed 14592K, reserved 1048576K
}
Event: 43.805 GC heap after
{Heap after GC invocations=77 (full 0):
 garbage-first heap   total 390144K, used 201562K [0x0000000080000000, 0x0000000100000000)
  region size 1024K, 18 young (18432K), 18 survivors (18432K)
 Metaspace       used 105047K, capacity 107825K, committed 108032K, reserved 1142784K
  class space    used 13453K, capacity 14516K, committed 14592K, reserved 1048576K
}
Event: 44.321 GC heap before
{Heap before GC invocations=77 (full 0):
 garbage-first heap   total 390144K, used 315226K [0x0000000080000000, 0x0000000100000000)
  region size 1024K, 130 young (133120K), 18 survivors (18432K)
 Metaspace       used 105061K, capacity 107825K, committed 108032K, reserved 1142784K
  class space    used 13453K, capacity 14516K, committed 14592K, reserved 1048576K
}
Event: 44.376 GC heap after
{Heap after GC invocations=78 (full 0):
 garbage-first heap   total 390144K, used 214016K [0x0000000080000000, 0x0000000100000000)
  region size 1024K, 12 young (12288K), 12 survivors (12288K)
 Metaspace       used 105061K, capacity 107825K, committed 108032K, reserved 1142784K
  class space    used 13453K, capacity 14516K, committed 14592K, reserved 1048576K
}
Event: 44.818 GC heap before
{Heap before GC invocations=78 (full 0):
 garbage-first heap   total 390144K, used 318464K [0x0000000080000000, 0x0000000100000000)
  region size 1024K, 115 young (117760K), 12 survivors (12288K)
 Metaspace       used 105077K, capacity 107892K, committed 108032K, reserved 1142784K
  class space    used 13454K, capacity 14517K, committed 14592K, reserved 1048576K
}
Event: 44.841 GC heap after
{Heap after GC invocations=79 (full 0):
 garbage-first heap   total 390144K, used 222720K [0x0000000080000000, 0x0000000100000000)
  region size 1024K, 9 young (9216K), 9 survivors (9216K)
 Metaspace       used 105077K, capacity 107892K, committed 108032K, reserved 1142784K
  class space    used 13454K, capacity 14517K, committed 14592K, reserved 1048576K
}
Event: 45.250 GC heap before
{Heap before GC invocations=79 (full 0):
 garbage-first heap   total 390144K, used 322048K [0x0000000080000000, 0x0000000100000000)
  region size 1024K, 106 young (108544K), 9 survivors (9216K)
 Metaspace       used 105079K, capacity 107956K, committed 108032K, reserved 1142784K
  class space    used 13454K, capacity 14517K, committed 14592K, reserved 1048576K
}
Event: 45.269 GC heap after
{Heap after GC invocations=80 (full 0):
 garbage-first heap   total 557056K, used 224696K [0x0000000080000000, 0x0000000100000000)
  region size 1024K, 5 young (5120K), 5 survivors (5120K)
 Metaspace       used 105079K, capacity 107956K, committed 108032K, reserved 1142784K
  class space    used 13454K, capacity 14517K, committed 14592K, reserved 1048576K
}
Event: 46.209 GC heap before
{Heap before GC invocations=80 (full 0):
 garbage-first heap   total 557056K, used 417208K [0x0000000080000000, 0x0000000100000000)
  region size 1024K, 193 young (197632K), 5 survivors (5120K)
 Metaspace       used 105091K, capacity 107965K, committed 108288K, reserved 1142784K
  class space    used 13455K, capacity 14520K, committed 14592K, reserved 1048576K
}
Event: 46.220 GC heap after
{Heap after GC invocations=81 (full 0):
 garbage-first heap   total 557056K, used 225330K [0x0000000080000000, 0x0000000100000000)
  region size 1024K, 6 young (6144K), 6 survivors (6144K)
 Metaspace       used 105091K, capacity 107965K, committed 108288K, reserved 1142784K
  class space    used 13455K, capacity 14520K, committed 14592K, reserved 1048576K
}

