# JRE version: OpenJDK Runtime Environment (11.0.12+7) (build 11.0.12+7-b1504.28-7817840)
# Java VM: OpenJDK 64-Bit Server VM (11.0.12+7-b1504.28-7817840, mixed mode, tiered, compressed oops, g1 gc, windows-amd64)
Heap:
 garbage-first heap   total 458752K, used 135235K [0x0000000080000000, 0x0000000100000000)
  region size 1024K, 16 young (16384K), 15 survivors (15360K)
 Metaspace       used 104365K, capacity 107094K, committed 107248K, reserved 1142784K
  class space    used 13208K, capacity 14230K, committed 14284K, reserved 1048576K
GC Heap History (20 events):
Event: 35.066 GC heap before
{Heap before GC invocations=53 (full 0):
 garbage-first heap   total 270336K, used 232096K [0x0000000080000000, 0x0000000100000000)
  region size 1024K, 121 young (123904K), 7 survivors (7168K)
 Metaspace       used 101134K, capacity 103551K, committed 103792K, reserved 1138688K
  class space    used 12834K, capacity 13745K, committed 13900K, reserved 1048576K
}
Event: 35.090 GC heap after
{Heap after GC invocations=54 (full 0):
 garbage-first heap   total 324608K, used 116813K [0x0000000080000000, 0x0000000100000000)
  region size 1024K, 8 young (8192K), 8 survivors (8192K)
 Metaspace       used 101134K, capacity 103551K, committed 103792K, reserved 1138688K
  class space    used 12834K, capacity 13745K, committed 13900K, reserved 1048576K
}
Event: 35.689 GC heap before
{Heap before GC invocations=54 (full 0):
 garbage-first heap   total 324608K, used 258125K [0x0000000080000000, 0x0000000100000000)
  region size 1024K, 146 young (149504K), 8 survivors (8192K)
 Metaspace       used 101171K, capacity 103624K, committed 104048K, reserved 1140736K
  class space    used 12836K, capacity 13748K, committed 13900K, reserved 1048576K
}
Event: 35.703 GC heap after
{Heap after GC invocations=55 (full 0):
 garbage-first heap   total 324608K, used 118843K [0x0000000080000000, 0x0000000100000000)
  region size 1024K, 10 young (10240K), 10 survivors (10240K)
 Metaspace       used 101171K, capacity 103624K, committed 104048K, reserved 1140736K
  class space    used 12836K, capacity 13748K, committed 13900K, reserved 1048576K
}
Event: 36.513 GC heap before
{Heap before GC invocations=55 (full 0):
 garbage-first heap   total 324608K, used 273467K [0x0000000080000000, 0x0000000100000000)
  region size 1024K, 161 young (164864K), 10 survivors (10240K)
 Metaspace       used 101173K, capacity 103624K, committed 104048K, reserved 1140736K
  class space    used 12836K, capacity 13748K, committed 13900K, reserved 1048576K
}
Event: 36.528 GC heap after
{Heap after GC invocations=56 (full 0):
 garbage-first heap   total 324608K, used 120254K [0x0000000080000000, 0x0000000100000000)
  region size 1024K, 11 young (11264K), 11 survivors (11264K)
 Metaspace       used 101173K, capacity 103624K, committed 104048K, reserved 1140736K
  class space    used 12836K, capacity 13748K, committed 13900K, reserved 1048576K
}
Event: 37.253 GC heap before
{Heap before GC invocations=56 (full 0):
 garbage-first heap   total 324608K, used 279998K [0x0000000080000000, 0x0000000100000000)
  region size 1024K, 167 young (171008K), 11 survivors (11264K)
 Metaspace       used 101463K, capacity 103893K, committed 104048K, reserved 1140736K
  class space    used 12877K, capacity 13794K, committed 13900K, reserved 1048576K
}
Event: 37.276 GC heap after
{Heap after GC invocations=57 (full 0):
 garbage-first heap   total 324608K, used 122123K [0x0000000080000000, 0x0000000100000000)
  region size 1024K, 13 young (13312K), 13 survivors (13312K)
 Metaspace       used 101463K, capacity 103893K, committed 104048K, reserved 1140736K
  class space    used 12877K, capacity 13794K, committed 13900K, reserved 1048576K
}
Event: 37.947 GC heap before
{Heap before GC invocations=57 (full 0):
 garbage-first heap   total 324608K, used 277771K [0x0000000080000000, 0x0000000100000000)
  region size 1024K, 165 young (168960K), 13 survivors (13312K)
 Metaspace       used 101469K, capacity 103957K, committed 104304K, reserved 1140736K
  class space    used 12877K, capacity 13794K, committed 13900K, reserved 1048576K
}
Event: 37.977 GC heap after
{Heap after GC invocations=58 (full 0):
 garbage-first heap   total 390144K, used 124690K [0x0000000080000000, 0x0000000100000000)
  region size 1024K, 14 young (14336K), 14 survivors (14336K)
 Metaspace       used 101469K, capacity 103957K, committed 104304K, reserved 1140736K
  class space    used 12877K, capacity 13794K, committed 13900K, reserved 1048576K
}
Event: 39.188 GC heap before
{Heap before GC invocations=58 (full 0):
 garbage-first heap   total 390144K, used 311058K [0x0000000080000000, 0x0000000100000000)
  region size 1024K, 196 young (200704K), 14 survivors (14336K)
 Metaspace       used 102729K, capacity 105332K, committed 105456K, reserved 1140736K
  class space    used 13058K, capacity 14020K, committed 14028K, reserved 1048576K
}
Event: 39.216 GC heap after
{Heap after GC invocations=59 (full 0):
 garbage-first heap   total 390144K, used 127695K [0x0000000080000000, 0x0000000100000000)
  region size 1024K, 16 young (16384K), 16 survivors (16384K)
 Metaspace       used 102729K, capacity 105332K, committed 105456K, reserved 1140736K
  class space    used 13058K, capacity 14020K, committed 14028K, reserved 1048576K
}
Event: 40.555 GC heap before
{Heap before GC invocations=59 (full 0):
 garbage-first heap   total 390144K, used 333519K [0x0000000080000000, 0x0000000100000000)
  region size 1024K, 217 young (222208K), 16 survivors (16384K)
 Metaspace       used 104102K, capacity 106826K, committed 106992K, reserved 1142784K
  class space    used 13204K, capacity 14223K, committed 14284K, reserved 1048576K
}
Event: 40.582 GC heap after
{Heap after GC invocations=60 (full 0):
 garbage-first heap   total 390144K, used 132452K [0x0000000080000000, 0x0000000100000000)
  region size 1024K, 19 young (19456K), 19 survivors (19456K)
 Metaspace       used 104102K, capacity 106826K, committed 106992K, reserved 1142784K
  class space    used 13204K, capacity 14223K, committed 14284K, reserved 1048576K
}
Event: 41.540 GC heap before
{Heap before GC invocations=60 (full 0):
 garbage-first heap   total 390144K, used 331108K [0x0000000080000000, 0x0000000100000000)
  region size 1024K, 212 young (217088K), 19 survivors (19456K)
 Metaspace       used 104292K, capacity 107006K, committed 107248K, reserved 1142784K
  class space    used 13204K, capacity 14223K, committed 14284K, reserved 1048576K
}
Event: 41.564 GC heap after
{Heap after GC invocations=61 (full 0):
 garbage-first heap   total 390144K, used 133631K [0x0000000080000000, 0x0000000100000000)
  region size 1024K, 15 young (15360K), 15 survivors (15360K)
 Metaspace       used 104292K, capacity 107006K, committed 107248K, reserved 1142784K
  class space    used 13204K, capacity 14223K, committed 14284K, reserved 1048576K
}
Event: 42.431 GC heap before
{Heap before GC invocations=61 (full 0):
 garbage-first heap   total 390144K, used 333311K [0x0000000080000000, 0x0000000100000000)
  region size 1024K, 210 young (215040K), 15 survivors (15360K)
 Metaspace       used 104306K, capacity 107008K, committed 107248K, reserved 1142784K
  class space    used 13204K, capacity 14223K, committed 14284K, reserved 1048576K
}
Event: 42.453 GC heap after
{Heap after GC invocations=62 (full 0):
 garbage-first heap   total 458752K, used 135235K [0x0000000080000000, 0x0000000100000000)
  region size 1024K, 15 young (15360K), 15 survivors (15360K)
 Metaspace       used 104306K, capacity 107008K, committed 107248K, reserved 1142784K
  class space    used 13204K, capacity 14223K, committed 14284K, reserved 1048576K
}
Event: 43.438 GC heap before
{Heap before GC invocations=62 (full 0):
 garbage-first heap   total 458752K, used 359491K [0x0000000080000000, 0x0000000100000000)
  region size 1024K, 234 young (239616K), 15 survivors (15360K)
 Metaspace       used 104331K, capacity 107076K, committed 107248K, reserved 1142784K
  class space    used 13204K, capacity 14224K, committed 14284K, reserved 1048576K
}
Event: 43.460 GC heap after
{Heap after GC invocations=63 (full 0):
 garbage-first heap   total 458752K, used 136259K [0x0000000080000000, 0x0000000100000000)
  region size 1024K, 16 young (16384K), 16 survivors (16384K)
 Metaspace       used 104331K, capacity 107076K, committed 107248K, reserved 1142784K
  class space    used 13204K, capacity 14224K, committed 14284K, reserved 1048576K
}

